# JRE version: Java(TM) SE Runtime Environment (7.0_51-b13) (build 1.7.0_51-b13)
# Java VM: Java HotSpot(TM) 64-Bit Server VM (24.51-b03 mixed mode windows-amd64 compressed oops)
Heap
 par new generation   total 314560K, used 272071K [0x00000000bae00000, 0x00000000d0350000, 0x00000000d0350000)
  eden space 279616K,  86% used [0x00000000bae00000, 0x00000000c9a1ca50, 0x00000000cbf10000)
  from space 34944K,  86% used [0x00000000ce130000, 0x00000000cfec5410, 0x00000000d0350000)
  to   space 34944K,   0% used [0x00000000cbf10000, 0x00000000cbf10000, 0x00000000ce130000)
 concurrent mark-sweep generation total 699072K, used 119818K [0x00000000d0350000, 0x00000000fae00000, 0x00000000fae00000)
 concurrent-mark-sweep perm gen total 59144K, used 37250K [0x00000000fae00000, 0x00000000fe7c2000, 0x0000000100000000)
GC Heap History (10 events):
Event: 12.938 GC heap before
{Heap before GC invocations=7 (full 5):
 par new generation   total 314560K, used 311785K [0x00000000bae00000, 0x00000000d0350000, 0x00000000d0350000)
  eden space 279616K, 100% used [0x00000000bae00000, 0x00000000cbf10000, 0x00000000cbf10000)
  from space 34944K,  92% used [0x00000000cbf10000, 0x00000000cde7a4b0, 0x00000000ce130000)
  to   space 34944K,   0% used [0x00000000ce130000, 0x00000000ce130000, 0x00000000d0350000)
 concurrent mark-sweep generation total 699072K, used 87712K [0x00000000d0350000, 0x00000000fae00000, 0x00000000fae00000)
 concurrent-mark-sweep perm gen total 47064K, used 29513K [0x00000000fae00000, 0x00000000fdbf6000, 0x0000000100000000)
Event: 12.976 GC heap after
Heap after GC invocations=8 (full 5):
 par new generation   total 314560K, used 34944K [0x00000000bae00000, 0x00000000d0350000, 0x00000000d0350000)
  eden space 279616K,   0% used [0x00000000bae00000, 0x00000000bae00000, 0x00000000cbf10000)
  from space 34944K, 100% used [0x00000000ce130000, 0x00000000d0350000, 0x00000000d0350000)
  to   space 34944K,   0% used [0x00000000cbf10000, 0x00000000cbf10000, 0x00000000ce130000)
 concurrent mark-sweep generation total 699072K, used 106796K [0x00000000d0350000, 0x00000000fae00000, 0x00000000fae00000)
 concurrent-mark-sweep perm gen total 47064K, used 29513K [0x00000000fae00000, 0x00000000fdbf6000, 0x0000000100000000)
}
Event: 13.885 GC heap before
{Heap before GC invocations=8 (full 5):
 par new generation   total 314560K, used 314560K [0x00000000bae00000, 0x00000000d0350000, 0x00000000d0350000)
  eden space 279616K, 100% used [0x00000000bae00000, 0x00000000cbf10000, 0x00000000cbf10000)
  from space 34944K, 100% used [0x00000000ce130000, 0x00000000d0350000, 0x00000000d0350000)
  to   space 34944K,   0% used [0x00000000cbf10000, 0x00000000cbf10000, 0x00000000ce130000)
 concurrent mark-sweep generation total 699072K, used 105446K [0x00000000d0350000, 0x00000000fae00000, 0x00000000fae00000)
 concurrent-mark-sweep perm gen total 47064K, used 32012K [0x00000000fae00000, 0x00000000fdbf6000, 0x0000000100000000)
Event: 13.904 GC heap after
Heap after GC invocations=9 (full 5):
 par new generation   total 314560K, used 24216K [0x00000000bae00000, 0x00000000d0350000, 0x00000000d0350000)
  eden space 279616K,   0% used [0x00000000bae00000, 0x00000000bae00000, 0x00000000cbf10000)
  from space 34944K,  69% used [0x00000000cbf10000, 0x00000000cd6b61a0, 0x00000000ce130000)
  to   space 34944K,   0% used [0x00000000ce130000, 0x00000000ce130000, 0x00000000d0350000)
 concurrent mark-sweep generation total 699072K, used 118373K [0x00000000d0350000, 0x00000000fae00000, 0x00000000fae00000)
 concurrent-mark-sweep perm gen total 47064K, used 32012K [0x00000000fae00000, 0x00000000fdbf6000, 0x0000000100000000)
}
Event: 15.167 GC heap before
{Heap before GC invocations=9 (full 5):
 par new generation   total 314560K, used 303832K [0x00000000bae00000, 0x00000000d0350000, 0x00000000d0350000)
  eden space 279616K, 100% used [0x00000000bae00000, 0x00000000cbf10000, 0x00000000cbf10000)
  from space 34944K,  69% used [0x00000000cbf10000, 0x00000000cd6b61a0, 0x00000000ce130000)
  to   space 34944K,   0% used [0x00000000ce130000, 0x00000000ce130000, 0x00000000d0350000)
 concurrent mark-sweep generation total 699072K, used 118373K [0x00000000d0350000, 0x00000000fae00000, 0x00000000fae00000)
 concurrent-mark-sweep perm gen total 54592K, used 33726K [0x00000000fae00000, 0x00000000fe350000, 0x0000000100000000)
Event: 15.177 GC heap after
Heap after GC invocations=10 (full 5):
 par new generation   total 314560K, used 28341K [0x00000000bae00000, 0x00000000d0350000, 0x00000000d0350000)
  eden space 279616K,   0% used [0x00000000bae00000, 0x00000000bae00000, 0x00000000cbf10000)
  from space 34944K,  81% used [0x00000000ce130000, 0x00000000cfcdd538, 0x00000000d0350000)
  to   space 34944K,   0% used [0x00000000cbf10000, 0x00000000cbf10000, 0x00000000ce130000)
 concurrent mark-sweep generation total 699072K, used 118373K [0x00000000d0350000, 0x00000000fae00000, 0x00000000fae00000)
 concurrent-mark-sweep perm gen total 54592K, used 33726K [0x00000000fae00000, 0x00000000fe350000, 0x0000000100000000)
}
Event: 16.651 GC heap before
{Heap before GC invocations=10 (full 6):
 par new generation   total 314560K, used 307957K [0x00000000bae00000, 0x00000000d0350000, 0x00000000d0350000)
  eden space 279616K, 100% used [0x00000000bae00000, 0x00000000cbf10000, 0x00000000cbf10000)
  from space 34944K,  81% used [0x00000000ce130000, 0x00000000cfcdd538, 0x00000000d0350000)
  to   space 34944K,   0% used [0x00000000cbf10000, 0x00000000cbf10000, 0x00000000ce130000)
 concurrent mark-sweep generation total 699072K, used 118373K [0x00000000d0350000, 0x00000000fae00000, 0x00000000fae00000)
 concurrent-mark-sweep perm gen total 54592K, used 34397K [0x00000000fae00000, 0x00000000fe350000, 0x0000000100000000)
Event: 16.680 GC heap after
Heap after GC invocations=11 (full 6):
 par new generation   total 314560K, used 34943K [0x00000000bae00000, 0x00000000d0350000, 0x00000000d0350000)
  eden space 279616K,   0% used [0x00000000bae00000, 0x00000000bae00000, 0x00000000cbf10000)
  from space 34944K,  99% used [0x00000000cbf10000, 0x00000000ce12fff8, 0x00000000ce130000)
  to   space 34944K,   0% used [0x00000000ce130000, 0x00000000ce130000, 0x00000000d0350000)
 concurrent mark-sweep generation total 699072K, used 130030K [0x00000000d0350000, 0x00000000fae00000, 0x00000000fae00000)
 concurrent-mark-sweep perm gen total 54592K, used 34397K [0x00000000fae00000, 0x00000000fe350000, 0x0000000100000000)
}
Event: 17.616 GC heap before
{Heap before GC invocations=11 (full 6):
 par new generation   total 314560K, used 314559K [0x00000000bae00000, 0x00000000d0350000, 0x00000000d0350000)
  eden space 279616K, 100% used [0x00000000bae00000, 0x00000000cbf10000, 0x00000000cbf10000)
  from space 34944K,  99% used [0x00000000cbf10000, 0x00000000ce12fff8, 0x00000000ce130000)
  to   space 34944K,   0% used [0x00000000ce130000, 0x00000000ce130000, 0x00000000d0350000)
 concurrent mark-sweep generation total 699072K, used 110865K [0x00000000d0350000, 0x00000000fae00000, 0x00000000fae00000)
 concurrent-mark-sweep perm gen total 59144K, used 36440K [0x00000000fae00000, 0x00000000fe7c2000, 0x0000000100000000)
Event: 17.635 GC heap after
Heap after GC invocations=12 (full 6):
 par new generation   total 314560K, used 30293K [0x00000000bae00000, 0x00000000d0350000, 0x00000000d0350000)
  eden space 279616K,   0% used [0x00000000bae00000, 0x00000000bae00000, 0x00000000cbf10000)
  from space 34944K,  86% used [0x00000000ce130000, 0x00000000cfec5410, 0x00000000d0350000)
  to   space 34944K,   0% used [0x00000000cbf10000, 0x00000000cbf10000, 0x00000000ce130000)
 concurrent mark-sweep generation total 699072K, used 119818K [0x00000000d0350000, 0x00000000fae00000, 0x00000000fae00000)
 concurrent-mark-sweep perm gen total 59144K, used 36440K [0x00000000fae00000, 0x00000000fe7c2000, 0x0000000100000000)
}

